2026-03-13 16:30:49 [-] tmux
2026-03-13 16:31:44 [-] tmux
2026-03-13 16:37:34 [-] tmux
2026-03-13 16:43:31 [6:1.1] exit
2026-03-13 16:43:34 [-] tmux
2026-03-13 16:47:50 [7:2.1] cd workspace/designdeck
2026-03-13 16:47:51 [7:2.1] l
2026-03-13 16:47:51 [7:2.1] ls
2026-03-13 16:48:14 [7:2.1] nvim reliability.md
2026-03-13 16:49:43 [-] tmux
2026-03-13 16:49:51 [8:3.1] nvim
2026-03-13 17:00:25 [-] tmux
2026-03-13 17:01:45 [-] tmux
2026-03-13 17:04:11 [-] tmux
2026-03-13 17:04:16 [11:1.1] exit
2026-03-13 17:04:18 [-] tmux -s
2026-03-13 17:04:39 [-] tmux
2026-03-13 17:06:39 [12:1.1] exit
2026-03-13 17:06:43 [-] tmux kill-server
2026-03-13 17:06:47 [-] tmux
2026-03-13 17:18:36 [-] tmux new -s rando
2026-03-13 17:18:39 [rando:1.1] exit
2026-03-13 17:18:41 [-] tmux
2026-03-13 17:18:45 [2:1.1] exit
2026-03-13 17:18:55 [-] tmux kill-server
2026-03-13 17:19:13 [-] tmux
2026-03-13 17:22:31 [-] tmux
2026-03-13 17:22:34 [1:2.1] exit
2026-03-13 17:22:39 [1:1.1] exit
2026-03-13 17:22:41 [-] tmux
2026-03-13 17:22:45 [2:3.1] exit
2026-03-13 17:31:07 [-] tmux
2026-03-13 17:37:11 [3:1.1] exit
2026-03-13 17:37:14 [3:1.1] cd workspace
2026-03-13 17:37:16 [3:1.1] ls
2026-03-13 17:37:25 [3:1.1] exit
